build/app/intermediates/manifest_merge_blame_file/release/manifest-merger-blame-release-report.txt
1<?xml version="1.0" encoding="utf-8"?>
2<manifest xmlns:android="http://schemas.android.com/apk/res/android"
3    package="com.example.flutter_my_train"
4    android:versionCode="1"
5    android:versionName="1.0.0" >
6
7    <uses-sdk
8        android:minSdkVersion="20"
8-->src\main\AndroidManifest.xml
9        android:targetSdkVersion="30" />
9-->src\main\AndroidManifest.xml
10
11    <uses-permission android:name="android.permission.INTERNET" />
11-->src\main\AndroidManifest.xml:3:5-66
11-->src\main\AndroidManifest.xml:3:22-64
12    <uses-permission android:name="android.permission.ACCESS_NETWORK_STATE" />
12-->src\main\AndroidManifest.xml:4:5-78
12-->src\main\AndroidManifest.xml:4:22-76
13    <uses-permission android:name="android.permission.WRITE_EXTERNAL_STORAGE" />
13-->src\main\AndroidManifest.xml:5:5-80
13-->src\main\AndroidManifest.xml:5:22-78
14    <!--
15     The following two permissions are not required to use
16     Google Maps Android API v2, but are recommended. They are required if you access the user's current location, either programmatically, or by enabling the My Location layer.
17    -->
18    <uses-permission android:name="android.permission.ACCESS_COARSE_LOCATION" />
18-->src\main\AndroidManifest.xml:8:5-80
18-->src\main\AndroidManifest.xml:8:22-78
19    <uses-permission android:name="android.permission.ACCESS_FINE_LOCATION" />
19-->src\main\AndroidManifest.xml:9:5-78
19-->src\main\AndroidManifest.xml:9:22-76
20
21    <uses-feature
21-->[com.google.android.gms:play-services-maps:17.0.0] AndroidManifest.xml:26:5-28:35
22        android:glEsVersion="0x00020000"
22-->[com.google.android.gms:play-services-maps:17.0.0] AndroidManifest.xml:27:9-41
23        android:required="true" />
23-->[com.google.android.gms:play-services-maps:17.0.0] AndroidManifest.xml:28:9-32
24
25    <application
25-->src\main\AndroidManifest.xml:10:4-51:19
26        android:appComponentFactory="androidx.core.app.CoreComponentFactory"
26-->[androidx.core:core:1.6.0] AndroidManifest.xml:24:18-86
27        android:icon="@mipmap/ic_launcher"
27-->src\main\AndroidManifest.xml:12:9-43
28        android:label="flutter_my_train" >
28-->src\main\AndroidManifest.xml:11:9-41
29        <activity
29-->src\main\AndroidManifest.xml:14:9-43:20
30            android:name="com.example.flutter_my_train.MainActivity"
30-->src\main\AndroidManifest.xml:15:13-41
31            android:configChanges="orientation|keyboardHidden|keyboard|screenSize|smallestScreenSize|locale|layoutDirection|fontScale|screenLayout|density|uiMode"
31-->src\main\AndroidManifest.xml:18:13-163
32            android:hardwareAccelerated="true"
32-->src\main\AndroidManifest.xml:19:13-47
33            android:launchMode="singleTop"
33-->src\main\AndroidManifest.xml:16:13-43
34            android:theme="@style/LaunchTheme"
34-->src\main\AndroidManifest.xml:17:13-47
35            android:windowSoftInputMode="adjustResize" >
35-->src\main\AndroidManifest.xml:20:13-55
36
37            <!--
38                 Specifies an Android theme to apply to this Activity as soon as
39                 the Android process has started. This theme is visible to the user
40                 while the Flutter UI initializes. After that, this theme continues
41                 to determine the Window background behind the Flutter UI.
42            -->
43            <meta-data
43-->src\main\AndroidManifest.xml:25:13-28:17
44                android:name="io.flutter.embedding.android.NormalTheme"
44-->src\main\AndroidManifest.xml:26:15-70
45                android:resource="@style/NormalTheme" />
45-->src\main\AndroidManifest.xml:27:15-52
46
47            <!--
48                 Displays an Android View that continues showing the launch screen
49                 Drawable until Flutter paints its first frame, then this splash
50                 screen fades out. A splash screen is useful to avoid any visual
51                 gap between the end of Android's launch screen and the painting of
52                 Flutter's first frame.
53            -->
54            <meta-data
54-->src\main\AndroidManifest.xml:35:13-38:17
55                android:name="io.flutter.embedding.android.SplashScreenDrawable"
55-->src\main\AndroidManifest.xml:36:15-79
56                android:resource="@drawable/launch_background" />
56-->src\main\AndroidManifest.xml:37:15-61
57
58            <intent-filter>
58-->src\main\AndroidManifest.xml:39:13-42:29
59                <action android:name="android.intent.action.MAIN" />
59-->src\main\AndroidManifest.xml:40:17-68
59-->src\main\AndroidManifest.xml:40:25-66
60
61                <category android:name="android.intent.category.LAUNCHER" />
61-->src\main\AndroidManifest.xml:41:17-76
61-->src\main\AndroidManifest.xml:41:27-74
62            </intent-filter>
63        </activity>
64        <!--
65             Don't delete the meta-data below.
66             This is used by the Flutter tool to generate GeneratedPluginRegistrant.java
67        -->
68        <meta-data
68-->src\main\AndroidManifest.xml:46:9-48:33
69            android:name="flutterEmbedding"
69-->src\main\AndroidManifest.xml:47:13-44
70            android:value="2" />
70-->src\main\AndroidManifest.xml:48:13-30
71        <meta-data
71-->src\main\AndroidManifest.xml:49:9-50:73
72            android:name="com.google.android.geo.API_KEY"
72-->src\main\AndroidManifest.xml:49:20-65
73            android:value="AIzaSyB95RXOzdsh9JtGrD9YCzb-oTga_7eYmw4" />
73-->src\main\AndroidManifest.xml:50:16-71
74        <!-- Needs to be explicitly declared on P+ -->
75        <uses-library
75-->[com.google.android.gms:play-services-maps:17.0.0] AndroidManifest.xml:33:9-35:40
76            android:name="org.apache.http.legacy"
76-->[com.google.android.gms:play-services-maps:17.0.0] AndroidManifest.xml:34:13-50
77            android:required="false" />
77-->[com.google.android.gms:play-services-maps:17.0.0] AndroidManifest.xml:35:13-37
78
79        <activity
79-->[com.google.android.gms:play-services-base:17.0.0] AndroidManifest.xml:23:9-26:75
80            android:name="com.google.android.gms.common.api.GoogleApiActivity"
80-->[com.google.android.gms:play-services-base:17.0.0] AndroidManifest.xml:24:13-79
81            android:exported="false"
81-->[com.google.android.gms:play-services-base:17.0.0] AndroidManifest.xml:25:13-37
82            android:theme="@android:style/Theme.Translucent.NoTitleBar" />
82-->[com.google.android.gms:play-services-base:17.0.0] AndroidManifest.xml:26:13-72
83
84        <meta-data
84-->[com.google.android.gms:play-services-basement:17.0.0] AndroidManifest.xml:23:9-25:69
85            android:name="com.google.android.gms.version"
85-->[com.google.android.gms:play-services-basement:17.0.0] AndroidManifest.xml:24:13-58
86            android:value="@integer/google_play_services_version" />
86-->[com.google.android.gms:play-services-basement:17.0.0] AndroidManifest.xml:25:13-66
87    </application>
88
89</manifest>